<?xml version="1.0" encoding="utf-8"?><testsuites><testsuite name="pytest" errors="0" failures="0" skipped="0" tests="4" time="0.137" timestamp="2023-03-06T11:10:07.264978" hostname="AG-C02GJ4V6Q6LR"><testcase classname="tests.test_math" name="test_add" time="0.001" /><testcase classname="tests.test_math" name="test_subtract" time="0.001" /><testcase classname="tests.test_math" name="test_multiply" time="0.001" /><testcase classname="tests.test_math" name="test_exponentiate" time="0.001" /></testsuite></testsuites>
