<?xml version="1.0" encoding="utf-8"?><testsuites><testsuite name="pytest" errors="0" failures="0" skipped="0" tests="2" time="0.070" timestamp="2023-03-03T21:39:59.631451" hostname="AG-C02GJ4V6Q6LR"><testcase classname="tests.test_math" name="test_add" time="0.001" /><testcase classname="tests.test_math" name="test_subtract" time="0.001" /></testsuite></testsuites>
