<?xml version="1.0" encoding="utf-8"?><testsuites><testsuite name="pytest" errors="0" failures="0" skipped="0" tests="1" time="0.069" timestamp="2023-03-03T10:01:14.895296" hostname="AG-C02GJ4V6Q6LR"><testcase classname="tests.test_add" name="test_add" time="0.001" /></testsuite></testsuites>
